<?xml version="1.0" encoding="UTF-8"?>
<!-- Generated by org.testng.reporters.JUnitReportReporter -->
<testsuite skipped="0" hostname="LAPTOP-009" name="com.cma.testcases.TC_Lambda" tests="1" failures="0" timestamp="2022-04-22T12:21:29 IST" time="41.696" errors="1">
  <testcase name="Lambda_POC" time="41.696" classname="com.cma.testcases.TC_Lambda">
    <error type="org.openqa.selenium.WebDriverException" message="org.openqa.selenium.InvalidArgumentException: invalid argument: invalid locator
  (Session info: chrome=94.0.4606.85) (WARNING: The server did not provide any stacktrace information)
Command duration or timeout: 0 milliseconds
Build info: version: &#039;3.141.59&#039;, revision: &#039;e82be7d358&#039;, time: &#039;2018-11-14T08:17:03&#039;
System info: host: &#039;LAPTOP-009&#039;, ip: &#039;192.168.0.83&#039;, os.name: &#039;Windows 10&#039;, os.arch: &#039;amd64&#039;, os.version: &#039;10.0&#039;, java.version: &#039;1.8.0_291&#039;
Driver info: io.appium.java_client.android.AndroidDriver
Capabilities {appActivity: com.google.android.apps.chr..., appPackage: com.android.chrome, browserName: Chrome, databaseEnabled: false, desired: {appActivity: com.android.browser.Browser..., browserName: Chrome, deviceName: Galaxy A8, deviceReadyTimeout: 120, fullReset: false, goog:chromeOptions: {args: [--proxy-server=10.0.2.2:8080, --proxy-bypass-list=&lt;-loopb...]}, headless: false, launchTimeout: 300, nativeWebScreenshot: true, newCommandTimeout: 910, orientation: PORTRAIT, performance: false, platform: ANY, platformName: Android, platformVersion: 7.1, shutdownOtherSimulators: true, useNewWDA: true, waitForQuiescence: false, wdaLaunchTimeout: 120000}, deviceApiLevel: 25, deviceManufacturer: Google, deviceModel: Android SDK built for x86, deviceName: emulator-5554, deviceReadyTimeout: 120, deviceScreenDensity: 320, deviceScreenSize: 1080x1920, deviceUDID: emulator-5554, fullReset: false, goog:chromeOptions: {args: [--proxy-server=10.0.2.2:8080, --proxy-bypass-list=&lt;-loopb...]}, headless: false, javascriptEnabled: true, launchTimeout: 300, locationContextEnabled: false, nativeWebScreenshot: true, networkConnectionEnabled: true, newCommandTimeout: 910, orientation: PORTRAIT, performance: false, pixelRatio: 2, platform: ANY, platformName: android, platformVersion: 7.1.1, shutdownOtherSimulators: true, statBarHeight: 48, takesScreenshot: true, useNewWDA: true, viewportRect: {height: 1776, left: 0, top: 48, width: 1080}, waitForQuiescence: false, warnings: {}, wdaLaunchTimeout: 120000, webStorageEnabled: false}
Session ID: 9ab13331-7f8b-46f1-9364-247e380f3ac9
*** Element info: {Using=id, value=btn_login}">
      <![CDATA[org.openqa.selenium.WebDriverException: org.openqa.selenium.InvalidArgumentException: invalid argument: invalid locator
  (Session info: chrome=94.0.4606.85) (WARNING: The server did not provide any stacktrace information)
Command duration or timeout: 0 milliseconds
Build info: version: '3.141.59', revision: 'e82be7d358', time: '2018-11-14T08:17:03'
System info: host: 'LAPTOP-009', ip: '192.168.0.83', os.name: 'Windows 10', os.arch: 'amd64', os.version: '10.0', java.version: '1.8.0_291'
Driver info: io.appium.java_client.android.AndroidDriver
Capabilities {appActivity: com.google.android.apps.chr..., appPackage: com.android.chrome, browserName: Chrome, databaseEnabled: false, desired: {appActivity: com.android.browser.Browser..., browserName: Chrome, deviceName: Galaxy A8, deviceReadyTimeout: 120, fullReset: false, goog:chromeOptions: {args: [--proxy-server=10.0.2.2:8080, --proxy-bypass-list=<-loopb...]}, headless: false, launchTimeout: 300, nativeWebScreenshot: true, newCommandTimeout: 910, orientation: PORTRAIT, performance: false, platform: ANY, platformName: Android, platformVersion: 7.1, shutdownOtherSimulators: true, useNewWDA: true, waitForQuiescence: false, wdaLaunchTimeout: 120000}, deviceApiLevel: 25, deviceManufacturer: Google, deviceModel: Android SDK built for x86, deviceName: emulator-5554, deviceReadyTimeout: 120, deviceScreenDensity: 320, deviceScreenSize: 1080x1920, deviceUDID: emulator-5554, fullReset: false, goog:chromeOptions: {args: [--proxy-server=10.0.2.2:8080, --proxy-bypass-list=<-loopb...]}, headless: false, javascriptEnabled: true, launchTimeout: 300, locationContextEnabled: false, nativeWebScreenshot: true, networkConnectionEnabled: true, newCommandTimeout: 910, orientation: PORTRAIT, performance: false, pixelRatio: 2, platform: ANY, platformName: android, platformVersion: 7.1.1, shutdownOtherSimulators: true, statBarHeight: 48, takesScreenshot: true, useNewWDA: true, viewportRect: {height: 1776, left: 0, top: 48, width: 1080}, waitForQuiescence: false, warnings: {}, wdaLaunchTimeout: 120000, webStorageEnabled: false}
Session ID: 9ab13331-7f8b-46f1-9364-247e380f3ac9
*** Element info: {Using=id, value=btn_login}
at io.appium.java_client.pagefactory.AppiumElementLocator$WaitingFunction.apply(AppiumElementLocator.java:192)
at io.appium.java_client.pagefactory.AppiumElementLocator$WaitingFunction.apply(AppiumElementLocator.java:1)
at org.openqa.selenium.support.ui.FluentWait.until(FluentWait.java:249)
at io.appium.java_client.pagefactory.AppiumElementLocator.waitFor(AppiumElementLocator.java:99)
at io.appium.java_client.pagefactory.AppiumElementLocator.findElement(AppiumElementLocator.java:119)
at io.appium.java_client.pagefactory.interceptors.InterceptorOfASingleElement.intercept(InterceptorOfASingleElement.java:59)
at io.appium.java_client.android.AndroidElement$$EnhancerByCGLIB$$b598166c.isDisplayed(<generated>)
at org.openqa.selenium.support.ui.ExpectedConditions.elementIfVisible(ExpectedConditions.java:314)
at org.openqa.selenium.support.ui.ExpectedConditions.access$000(ExpectedConditions.java:43)
at org.openqa.selenium.support.ui.ExpectedConditions$10.apply(ExpectedConditions.java:300)
at org.openqa.selenium.support.ui.ExpectedConditions$10.apply(ExpectedConditions.java:297)
at org.openqa.selenium.support.ui.ExpectedConditions$23.apply(ExpectedConditions.java:670)
at org.openqa.selenium.support.ui.ExpectedConditions$23.apply(ExpectedConditions.java:666)
at org.openqa.selenium.support.ui.FluentWait.until(FluentWait.java:249)
at com.cma.pages.ActionClass.explicitWait(ActionClass.java:47)
at com.cma.pages.ActionClass.click(ActionClass.java:34)
at com.cma.pages.LoginPage.clickOnLogin(LoginPage.java:52)
at com.cma.pages.LoginPage.doLogin(LoginPage.java:62)
at com.cma.testcases.TC_Lambda.Lambda_POC(TC_Lambda.java:31)
at sun.reflect.NativeMethodAccessorImpl.invoke0(Native Method)
at sun.reflect.NativeMethodAccessorImpl.invoke(NativeMethodAccessorImpl.java:62)
at sun.reflect.DelegatingMethodAccessorImpl.invoke(DelegatingMethodAccessorImpl.java:43)
at java.lang.reflect.Method.invoke(Method.java:498)
at org.testng.internal.invokers.MethodInvocationHelper.invokeMethod(MethodInvocationHelper.java:135)
at org.testng.internal.invokers.TestInvoker.invokeMethod(TestInvoker.java:673)
at org.testng.internal.invokers.TestInvoker.invokeTestMethod(TestInvoker.java:220)
at org.testng.internal.invokers.MethodRunner.runInSequence(MethodRunner.java:50)
at org.testng.internal.invokers.TestInvoker$MethodInvocationAgent.invoke(TestInvoker.java:945)
at org.testng.internal.invokers.TestInvoker.invokeTestMethods(TestInvoker.java:193)
at org.testng.internal.invokers.TestMethodWorker.invokeTestMethods(TestMethodWorker.java:146)
at org.testng.internal.invokers.TestMethodWorker.run(TestMethodWorker.java:128)
at java.util.ArrayList.forEach(ArrayList.java:1259)
at org.testng.TestRunner.privateRun(TestRunner.java:808)
at org.testng.TestRunner.run(TestRunner.java:603)
at org.testng.SuiteRunner.runTest(SuiteRunner.java:429)
at org.testng.SuiteRunner.runSequentially(SuiteRunner.java:423)
at org.testng.SuiteRunner.privateRun(SuiteRunner.java:383)
at org.testng.SuiteRunner.run(SuiteRunner.java:326)
at org.testng.SuiteRunnerWorker.runSuite(SuiteRunnerWorker.java:52)
at org.testng.SuiteRunnerWorker.run(SuiteRunnerWorker.java:95)
at org.testng.TestNG.runSuitesSequentially(TestNG.java:1249)
at org.testng.TestNG.runSuitesLocally(TestNG.java:1169)
at org.testng.TestNG.runSuites(TestNG.java:1092)
at org.testng.TestNG.run(TestNG.java:1060)
at org.testng.remote.AbstractRemoteTestNG.run(AbstractRemoteTestNG.java:115)
at org.testng.remote.RemoteTestNG.initAndRun(RemoteTestNG.java:251)
at org.testng.remote.RemoteTestNG.main(RemoteTestNG.java:77)
Caused by: org.openqa.selenium.InvalidArgumentException: invalid argument: invalid locator
  (Session info: chrome=94.0.4606.85) (WARNING: The server did not provide any stacktrace information)
Command duration or timeout: 0 milliseconds
Build info: version: '3.141.59', revision: 'e82be7d358', time: '2018-11-14T08:17:03'
System info: host: 'LAPTOP-009', ip: '192.168.0.83', os.name: 'Windows 10', os.arch: 'amd64', os.version: '10.0', java.version: '1.8.0_291'
Driver info: io.appium.java_client.android.AndroidDriver
Capabilities {appActivity: com.google.android.apps.chr..., appPackage: com.android.chrome, browserName: Chrome, databaseEnabled: false, desired: {appActivity: com.android.browser.Browser..., browserName: Chrome, deviceName: Galaxy A8, deviceReadyTimeout: 120, fullReset: false, goog:chromeOptions: {args: [--proxy-server=10.0.2.2:8080, --proxy-bypass-list=<-loopb...]}, headless: false, launchTimeout: 300, nativeWebScreenshot: true, newCommandTimeout: 910, orientation: PORTRAIT, performance: false, platform: ANY, platformName: Android, platformVersion: 7.1, shutdownOtherSimulators: true, useNewWDA: true, waitForQuiescence: false, wdaLaunchTimeout: 120000}, deviceApiLevel: 25, deviceManufacturer: Google, deviceModel: Android SDK built for x86, deviceName: emulator-5554, deviceReadyTimeout: 120, deviceScreenDensity: 320, deviceScreenSize: 1080x1920, deviceUDID: emulator-5554, fullReset: false, goog:chromeOptions: {args: [--proxy-server=10.0.2.2:8080, --proxy-bypass-list=<-loopb...]}, headless: false, javascriptEnabled: true, launchTimeout: 300, locationContextEnabled: false, nativeWebScreenshot: true, networkConnectionEnabled: true, newCommandTimeout: 910, orientation: PORTRAIT, performance: false, pixelRatio: 2, platform: ANY, platformName: android, platformVersion: 7.1.1, shutdownOtherSimulators: true, statBarHeight: 48, takesScreenshot: true, useNewWDA: true, viewportRect: {height: 1776, left: 0, top: 48, width: 1080}, waitForQuiescence: false, warnings: {}, wdaLaunchTimeout: 120000, webStorageEnabled: false}
Session ID: 9ab13331-7f8b-46f1-9364-247e380f3ac9
*** Element info: {Using=id, value=btn_login}
at sun.reflect.NativeConstructorAccessorImpl.newInstance0(Native Method)
at sun.reflect.NativeConstructorAccessorImpl.newInstance(NativeConstructorAccessorImpl.java:62)
at sun.reflect.DelegatingConstructorAccessorImpl.newInstance(DelegatingConstructorAccessorImpl.java:45)
at java.lang.reflect.Constructor.newInstance(Constructor.java:423)
at org.openqa.selenium.remote.ErrorHandler.createThrowable(ErrorHandler.java:214)
at org.openqa.selenium.remote.ErrorHandler.throwIfResponseFailed(ErrorHandler.java:166)
at org.openqa.selenium.remote.http.JsonHttpResponseCodec.reconstructValue(JsonHttpResponseCodec.java:40)
at org.openqa.selenium.remote.http.AbstractHttpResponseCodec.decode(AbstractHttpResponseCodec.java:80)
at org.openqa.selenium.remote.http.AbstractHttpResponseCodec.decode(AbstractHttpResponseCodec.java:44)
at org.openqa.selenium.remote.HttpCommandExecutor.execute(HttpCommandExecutor.java:158)
at io.appium.java_client.remote.AppiumCommandExecutor.execute(AppiumCommandExecutor.java:250)
at org.openqa.selenium.remote.RemoteWebDriver.execute(RemoteWebDriver.java:552)
at io.appium.java_client.DefaultGenericMobileDriver.execute(DefaultGenericMobileDriver.java:41)
at io.appium.java_client.AppiumDriver.execute(AppiumDriver.java:1)
at io.appium.java_client.android.AndroidDriver.execute(AndroidDriver.java:1)
at org.openqa.selenium.remote.RemoteWebDriver.findElement(RemoteWebDriver.java:323)
at io.appium.java_client.DefaultGenericMobileDriver.findElement(DefaultGenericMobileDriver.java:61)
at io.appium.java_client.AppiumDriver.findElement(AppiumDriver.java:1)
at io.appium.java_client.android.AndroidDriver.findElement(AndroidDriver.java:1)
at org.openqa.selenium.remote.RemoteWebDriver.findElementById(RemoteWebDriver.java:372)
at io.appium.java_client.DefaultGenericMobileDriver.findElementById(DefaultGenericMobileDriver.java:69)
at io.appium.java_client.AppiumDriver.findElementById(AppiumDriver.java:1)
at io.appium.java_client.android.AndroidDriver.findElementById(AndroidDriver.java:1)
at org.openqa.selenium.By$ById.findElement(By.java:188)
at org.openqa.selenium.support.ByIdOrName.findElement(ByIdOrName.java:47)
at org.openqa.selenium.remote.RemoteWebDriver.findElement(RemoteWebDriver.java:315)
at io.appium.java_client.DefaultGenericMobileDriver.findElement(DefaultGenericMobileDriver.java:57)
at io.appium.java_client.AppiumDriver.findElement(AppiumDriver.java:1)
at io.appium.java_client.android.AndroidDriver.findElement(AndroidDriver.java:1)
at io.appium.java_client.pagefactory.bys.ContentMappedBy.findElement(ContentMappedBy.java:50)
at org.openqa.selenium.remote.RemoteWebDriver.findElement(RemoteWebDriver.java:315)
at io.appium.java_client.DefaultGenericMobileDriver.findElement(DefaultGenericMobileDriver.java:57)
at io.appium.java_client.AppiumDriver.findElement(AppiumDriver.java:1)
at io.appium.java_client.android.AndroidDriver.findElement(AndroidDriver.java:1)
at io.appium.java_client.pagefactory.AppiumElementLocator.lambda$0(AppiumElementLocator.java:120)
at io.appium.java_client.pagefactory.AppiumElementLocator$WaitingFunction.apply(AppiumElementLocator.java:172)
... 46 more
]]>
    </error>
  </testcase> <!-- Lambda_POC -->
  <system-out/>
</testsuite> <!-- com.cma.testcases.TC_Lambda -->
