<?xml version="1.0" encoding="UTF-8"?>
<!-- Generated by org.testng.reporters.JUnitReportReporter -->
<testsuite skipped="0" hostname="LAPTOP-009" name="com.cma.testcases.TC_LogintoCMA" tests="2" failures="0" timestamp="2022-03-21T18:27:13 IST" time="51.671" errors="0">
  <testcase name="doLogin" time="26.178" classname="com.cma.testcases.TC_LogintoCMA"/>
  <system-out/>
  <testcase name="doLogin" time="25.493" classname="com.cma.testcases.TC_LogintoCMA"/>
  <system-out/>
</testsuite> <!-- com.cma.testcases.TC_LogintoCMA -->
