<?xml version="1.0" encoding="UTF-8"?>
<!-- Generated by org.testng.reporters.JUnitReportReporter -->
<testsuite skipped="4" hostname="LAPTOP-009" name="com.cma.testcases.TC_EndToEnd" tests="5" failures="0" timestamp="2022-04-12T11:00:32 IST" time="71.480" errors="0">
  <testcase name="collectTask1" time="71.480" classname="com.cma.testcases.TC_EndToEnd"/>
  <system-out/>
  <testcase name="collectTask3" classname="com.cma.testcases.TC_EndToEnd">
    <skipped/>
  </testcase> <!-- collectTask3 -->
  <system-out/>
  <testcase name="collectTask5" classname="com.cma.testcases.TC_EndToEnd">
    <skipped/>
  </testcase> <!-- collectTask5 -->
  <system-out/>
  <testcase name="collectTask4" classname="com.cma.testcases.TC_EndToEnd">
    <skipped/>
  </testcase> <!-- collectTask4 -->
  <system-out/>
  <testcase name="collectTask2" classname="com.cma.testcases.TC_EndToEnd">
    <skipped/>
  </testcase> <!-- collectTask2 -->
  <system-out/>
</testsuite> <!-- com.cma.testcases.TC_EndToEnd -->
